<?xml version="1.0" encoding="UTF-8"?>
<testsuite xmlns:xsi="http://www.w3.org/2001/XMLSchema-instance" xsi:noNamespaceSchemaLocation="https://maven.apache.org/surefire/maven-surefire-plugin/xsd/surefire-test-report-3.0.xsd" version="3.0" name="testing.demo.CalculatorTest" time="0.299" tests="13" errors="0" skipped="0" failures="0">
  <properties>
[...]
</properties>
  <testcase name="subtract(int, int, int)[1]" classname="testing.demo.CalculatorTest" time="0.043">
    <system-out><![CDATA[[Before All] Calculator Test suite starting . .  .

[Before Each] Starting Test #1: "100" + "2" = "98"
[After EAch] Finished Test #1: "100" + "2" = "98"

]]></system-out>
  </testcase>
  <testcase name="subtract(int, int, int)[2]" classname="testing.demo.CalculatorTest" time="0.003">
    <system-out><![CDATA[[Before Each] Starting Test #2: "100" + "-2" = "102"
[After EAch] Finished Test #2: "100" + "-2" = "102"

]]></system-out>
  </testcase>
  <testcase name="subtract(int, int, int)[3]" classname="testing.demo.CalculatorTest" time="0.002">
    <system-out><![CDATA[[Before Each] Starting Test #3: "-100" + "2" = "-98"
[After EAch] Finished Test #3: "-100" + "2" = "-98"

]]></system-out>
  </testcase>
  <testcase name="subtract(int, int, int)[4]" classname="testing.demo.CalculatorTest" time="0.002">
    <system-out><![CDATA[[Before Each] Starting Test #4: "-100" + "-2" = "-102"
[After EAch] Finished Test #4: "-100" + "-2" = "-102"

]]></system-out>
  </testcase>
  <testcase name="add_twoNumbers(int, int, int)[1]" classname="testing.demo.CalculatorTest" time="0.007">
    <system-out><![CDATA[[Before Each] Starting Test #5: 100 + 2 = 102
[After EAch] Finished Test #5: 100 + 2 = 102

]]></system-out>
  </testcase>
  <testcase name="add_twoNumbers(int, int, int)[2]" classname="testing.demo.CalculatorTest" time="0.001">
    <system-out><![CDATA[[Before Each] Starting Test #6: 100 + -2 = 98
[After EAch] Finished Test #6: 100 + -2 = 98

]]></system-out>
  </testcase>
  <testcase name="add_twoNumbers(int, int, int)[3]" classname="testing.demo.CalculatorTest" time="0.001">
    <system-out><![CDATA[[Before Each] Starting Test #7: -100 + 2 = -98
[After EAch] Finished Test #7: -100 + 2 = -98

]]></system-out>
  </testcase>
  <testcase name="add_twoNumbers(int, int, int)[4]" classname="testing.demo.CalculatorTest" time="0.002">
    <system-out><![CDATA[[Before Each] Starting Test #8: -100 + -2 = -102
[After EAch] Finished Test #8: -100 + -2 = -102

]]></system-out>
  </testcase>
  <testcase name="multiply(int, int, int)[1]" classname="testing.demo.CalculatorTest" time="0.001">
    <system-out><![CDATA[[Before Each] Starting Test #9: "100" + "2" = "200"
[After EAch] Finished Test #9: "100" + "2" = "200"

]]></system-out>
  </testcase>
  <testcase name="multiply(int, int, int)[2]" classname="testing.demo.CalculatorTest" time="0.0">
    <system-out><![CDATA[[Before Each] Starting Test #10: "100" + "-2" = "-200"
[After EAch] Finished Test #10: "100" + "-2" = "-200"

]]></system-out>
  </testcase>
  <testcase name="multiply(int, int, int)[3]" classname="testing.demo.CalculatorTest" time="0.0">
    <system-out><![CDATA[[Before Each] Starting Test #11: "-100" + "2" = "-200"
[After EAch] Finished Test #11: "-100" + "2" = "-200"

]]></system-out>
  </testcase>
  <testcase name="multiply(int, int, int)[4]" classname="testing.demo.CalculatorTest" time="0.001">
    <system-out><![CDATA[[Before Each] Starting Test #12: "-100" + "-2" = "200"
[After EAch] Finished Test #12: "-100" + "-2" = "200"

]]></system-out>
  </testcase>
  <testcase name="divide_byZero" classname="testing.demo.CalculatorTest" time="0.006">
    <system-out><![CDATA[[Before Each] Starting Test #13: divide_byZero()
[After EAch] Finished Test #13: divide_byZero()

]]></system-out>
  </testcase>
</testsuite>